{
  "RSpec": {
    "coverage": {
      "/Users/michaelgatewood/Documents/___Turing/BE/Mod3/sweater_weather/app/models/forecast.rb": [
        1,
        null,
        1,
        null,
        1,
        8,
        null,
        null,
        1,
        6,
        null,
        null,
        1,
        6,
        null,
        null,
        1,
        5,
        null,
        null,
        1,
        3,
        12,
        null,
        3,
        null,
        null,
        1,
        3,
        18,
        null,
        3,
        null,
        null,
        1,
        3,
        21,
        null,
        3,
        null,
        null,
        1,
        null,
        1,
        19,
        null,
        null,
        1,
        5,
        null,
        null,
        1,
        5,
        null,
        null,
        1,
        5,
        null,
        null,
        1,
        17,
        null,
        null,
        null
      ],
      "/Users/michaelgatewood/Documents/___Turing/BE/Mod3/sweater_weather/app/models/user.rb": [
        1,
        null,
        1,
        null,
        1,
        null,
        1,
        1,
        1,
        null,
        null
      ],
      "/Users/michaelgatewood/Documents/___Turing/BE/Mod3/sweater_weather/app/models/application_record.rb": [
        1,
        1,
        null
      ],
      "/Users/michaelgatewood/Documents/___Turing/BE/Mod3/sweater_weather/app/controllers/api/v1/users_controller.rb": [
        1,
        null,
        1,
        2,
        2,
        2,
        null,
        null,
        1,
        2,
        null,
        null
      ],
      "/Users/michaelgatewood/Documents/___Turing/BE/Mod3/sweater_weather/app/controllers/application_controller.rb": [
        1,
        null
      ],
      "/Users/michaelgatewood/Documents/___Turing/BE/Mod3/sweater_weather/app/serializers/user_serializer.rb": [
        1,
        1,
        null,
        3,
        null,
        1,
        null,
        null
      ],
      "/Users/michaelgatewood/Documents/___Turing/BE/Mod3/sweater_weather/app/controllers/api/v1/forecast_controller.rb": [
        1,
        null,
        1,
        2,
        2,
        null,
        null
      ],
      "/Users/michaelgatewood/Documents/___Turing/BE/Mod3/sweater_weather/app/serializers/forecast_serializer.rb": [
        1,
        1,
        null,
        1,
        null,
        1,
        null,
        null,
        null,
        null,
        null,
        null,
        null
      ],
      "/Users/michaelgatewood/Documents/___Turing/BE/Mod3/sweater_weather/app/services/google_geocode_service.rb": [
        1,
        null,
        1,
        null,
        1,
        21,
        null,
        null,
        1,
        11,
        11,
        null,
        null,
        1,
        10,
        10,
        null,
        null,
        1,
        null,
        1,
        null,
        1,
        21,
        null,
        null,
        1,
        21,
        null,
        null,
        1,
        21,
        21,
        null,
        null,
        1,
        21,
        null,
        null,
        null
      ],
      "/Users/michaelgatewood/Documents/___Turing/BE/Mod3/sweater_weather/app/services/dark_sky_service.rb": [
        1,
        null,
        1,
        6,
        6,
        null,
        null,
        1,
        6,
        6,
        null,
        null,
        1,
        null,
        1,
        null,
        1,
        6,
        6,
        null,
        null,
        1,
        6,
        null,
        null,
        null
      ]
    },
    "timestamp": 1546560681
  }
}
